2025-07-13 11:31:56.038 [main] INFO  chrome testCases.AccountRegistrationTest - Account registration test started
2025-07-13 11:31:56.130 [main] DEBUG chrome testCases.AccountRegistrationTest - Clicked on My Account link
2025-07-13 11:31:56.729 [main] DEBUG chrome testCases.AccountRegistrationTest - Clicked on Register link
2025-07-13 11:31:56.834 [main] DEBUG chrome testCases.AccountRegistrationTest - First name entered: jzBYophU
2025-07-13 11:31:56.906 [main] DEBUG chrome testCases.AccountRegistrationTest - Last name entered:aVDEFYRys
2025-07-13 11:31:56.969 [main] DEBUG chrome testCases.AccountRegistrationTest - Email entered: Lg@gmail.com
2025-07-13 11:31:57.036 [main] DEBUG chrome testCases.AccountRegistrationTest - Telephone number entered: 4193926643
2025-07-13 11:31:57.094 [main] DEBUG chrome testCases.AccountRegistrationTest - Password entered: dcKWgsqD
2025-07-13 11:31:57.143 [main] DEBUG chrome testCases.AccountRegistrationTest - Confirm Password entered: dcKWgsqD 
2025-07-13 11:31:57.204 [main] DEBUG chrome testCases.AccountRegistrationTest - Clicked on NewsLetter radio button -Yes 
2025-07-13 11:31:57.260 [main] DEBUG chrome testCases.AccountRegistrationTest - Checked on Privacy & Policy check box 
2025-07-13 11:31:58.171 [main] DEBUG chrome testCases.AccountRegistrationTest - Clicked on Register submit button
2025-07-13 11:31:58.206 [main] DEBUG chrome testCases.AccountRegistrationTest - Post register success message retrieved
2025-07-13 11:31:58.208 [main] INFO  chrome testCases.AccountRegistrationTest - Account registered successfully
2025-07-13 11:31:58.208 [main] INFO  chrome testCases.AccountRegistrationTest - Account registration test completed
2025-07-13 11:32:00.680 [main] INFO  chrome testCases.LoginAccountTest - Login test started
2025-07-13 11:32:00.759 [main] DEBUG chrome testCases.LoginAccountTest - Clicked on My Account link
2025-07-13 11:32:01.111 [main] DEBUG chrome testCases.LoginAccountTest - Clicked on Login link
2025-07-13 11:32:01.200 [main] DEBUG chrome testCases.LoginAccountTest - Entered email
2025-07-13 11:32:01.255 [main] DEBUG chrome testCases.LoginAccountTest - Entered password
2025-07-13 11:32:01.308 [main] DEBUG chrome testCases.LoginAccountTest - Clicked on login button
2025-07-13 11:32:02.153 [main] DEBUG chrome testCases.LoginAccountTest - My Account text is present
2025-07-13 11:32:02.153 [main] INFO  chrome testCases.LoginAccountTest - Login test completed
2025-07-13 11:32:05.605 [main] DEBUG chrome org.apache.poi.openxml4j.opc.PackageRelationshipCollection - Parsing relationship: /xl/_rels/workbook.xml.rels
2025-07-13 11:32:05.608 [main] DEBUG chrome org.apache.poi.openxml4j.opc.PackageRelationshipCollection - Parsing relationship: /xl/worksheets/_rels/sheet1.xml.rels
2025-07-13 11:32:05.610 [main] DEBUG chrome org.apache.poi.openxml4j.opc.PackageRelationshipCollection - Parsing relationship: /_rels/.rels
2025-07-13 11:32:06.016 [main] DEBUG chrome org.apache.poi.openxml4j.opc.PackageRelationshipCollection - Parsing relationship: /xl/_rels/workbook.xml.rels
2025-07-13 11:32:06.017 [main] DEBUG chrome org.apache.poi.openxml4j.opc.PackageRelationshipCollection - Parsing relationship: /xl/worksheets/_rels/sheet1.xml.rels
2025-07-13 11:32:06.018 [main] DEBUG chrome org.apache.poi.openxml4j.opc.PackageRelationshipCollection - Parsing relationship: /_rels/.rels
2025-07-13 11:32:06.039 [main] DEBUG chrome org.apache.poi.openxml4j.opc.PackageRelationshipCollection - Parsing relationship: /xl/_rels/workbook.xml.rels
2025-07-13 11:32:06.039 [main] DEBUG chrome org.apache.poi.openxml4j.opc.PackageRelationshipCollection - Parsing relationship: /xl/worksheets/_rels/sheet1.xml.rels
2025-07-13 11:32:06.040 [main] DEBUG chrome org.apache.poi.openxml4j.opc.PackageRelationshipCollection - Parsing relationship: /_rels/.rels
2025-07-13 11:32:06.068 [main] DEBUG chrome org.apache.poi.openxml4j.opc.PackageRelationshipCollection - Parsing relationship: /xl/_rels/workbook.xml.rels
2025-07-13 11:32:06.068 [main] DEBUG chrome org.apache.poi.openxml4j.opc.PackageRelationshipCollection - Parsing relationship: /xl/worksheets/_rels/sheet1.xml.rels
2025-07-13 11:32:06.069 [main] DEBUG chrome org.apache.poi.openxml4j.opc.PackageRelationshipCollection - Parsing relationship: /_rels/.rels
2025-07-13 11:32:06.086 [main] DEBUG chrome org.apache.poi.openxml4j.opc.PackageRelationshipCollection - Parsing relationship: /xl/_rels/workbook.xml.rels
2025-07-13 11:32:06.087 [main] DEBUG chrome org.apache.poi.openxml4j.opc.PackageRelationshipCollection - Parsing relationship: /xl/worksheets/_rels/sheet1.xml.rels
2025-07-13 11:32:06.087 [main] DEBUG chrome org.apache.poi.openxml4j.opc.PackageRelationshipCollection - Parsing relationship: /_rels/.rels
2025-07-13 11:32:06.103 [main] DEBUG chrome org.apache.poi.openxml4j.opc.PackageRelationshipCollection - Parsing relationship: /xl/_rels/workbook.xml.rels
2025-07-13 11:32:06.103 [main] DEBUG chrome org.apache.poi.openxml4j.opc.PackageRelationshipCollection - Parsing relationship: /xl/worksheets/_rels/sheet1.xml.rels
2025-07-13 11:32:06.104 [main] DEBUG chrome org.apache.poi.openxml4j.opc.PackageRelationshipCollection - Parsing relationship: /_rels/.rels
2025-07-13 11:32:06.120 [main] DEBUG chrome org.apache.poi.openxml4j.opc.PackageRelationshipCollection - Parsing relationship: /xl/_rels/workbook.xml.rels
2025-07-13 11:32:06.120 [main] DEBUG chrome org.apache.poi.openxml4j.opc.PackageRelationshipCollection - Parsing relationship: /xl/worksheets/_rels/sheet1.xml.rels
2025-07-13 11:32:06.121 [main] DEBUG chrome org.apache.poi.openxml4j.opc.PackageRelationshipCollection - Parsing relationship: /_rels/.rels
2025-07-13 11:32:06.136 [main] DEBUG chrome org.apache.poi.openxml4j.opc.PackageRelationshipCollection - Parsing relationship: /xl/_rels/workbook.xml.rels
2025-07-13 11:32:06.137 [main] DEBUG chrome org.apache.poi.openxml4j.opc.PackageRelationshipCollection - Parsing relationship: /xl/worksheets/_rels/sheet1.xml.rels
2025-07-13 11:32:06.138 [main] DEBUG chrome org.apache.poi.openxml4j.opc.PackageRelationshipCollection - Parsing relationship: /_rels/.rels
2025-07-13 11:32:06.155 [main] DEBUG chrome org.apache.poi.openxml4j.opc.PackageRelationshipCollection - Parsing relationship: /xl/_rels/workbook.xml.rels
2025-07-13 11:32:06.156 [main] DEBUG chrome org.apache.poi.openxml4j.opc.PackageRelationshipCollection - Parsing relationship: /xl/worksheets/_rels/sheet1.xml.rels
2025-07-13 11:32:06.156 [main] DEBUG chrome org.apache.poi.openxml4j.opc.PackageRelationshipCollection - Parsing relationship: /_rels/.rels
2025-07-13 11:32:06.173 [main] DEBUG chrome org.apache.poi.openxml4j.opc.PackageRelationshipCollection - Parsing relationship: /xl/_rels/workbook.xml.rels
2025-07-13 11:32:06.174 [main] DEBUG chrome org.apache.poi.openxml4j.opc.PackageRelationshipCollection - Parsing relationship: /xl/worksheets/_rels/sheet1.xml.rels
2025-07-13 11:32:06.175 [main] DEBUG chrome org.apache.poi.openxml4j.opc.PackageRelationshipCollection - Parsing relationship: /_rels/.rels
2025-07-13 11:32:06.189 [main] DEBUG chrome org.apache.poi.openxml4j.opc.PackageRelationshipCollection - Parsing relationship: /xl/_rels/workbook.xml.rels
2025-07-13 11:32:06.191 [main] DEBUG chrome org.apache.poi.openxml4j.opc.PackageRelationshipCollection - Parsing relationship: /xl/worksheets/_rels/sheet1.xml.rels
2025-07-13 11:32:06.192 [main] DEBUG chrome org.apache.poi.openxml4j.opc.PackageRelationshipCollection - Parsing relationship: /_rels/.rels
2025-07-13 11:32:06.208 [main] DEBUG chrome org.apache.poi.openxml4j.opc.PackageRelationshipCollection - Parsing relationship: /xl/_rels/workbook.xml.rels
2025-07-13 11:32:06.209 [main] DEBUG chrome org.apache.poi.openxml4j.opc.PackageRelationshipCollection - Parsing relationship: /xl/worksheets/_rels/sheet1.xml.rels
2025-07-13 11:32:06.210 [main] DEBUG chrome org.apache.poi.openxml4j.opc.PackageRelationshipCollection - Parsing relationship: /_rels/.rels
2025-07-13 11:32:06.225 [main] DEBUG chrome org.apache.poi.openxml4j.opc.PackageRelationshipCollection - Parsing relationship: /xl/_rels/workbook.xml.rels
2025-07-13 11:32:06.226 [main] DEBUG chrome org.apache.poi.openxml4j.opc.PackageRelationshipCollection - Parsing relationship: /xl/worksheets/_rels/sheet1.xml.rels
2025-07-13 11:32:06.227 [main] DEBUG chrome org.apache.poi.openxml4j.opc.PackageRelationshipCollection - Parsing relationship: /_rels/.rels
2025-07-13 11:32:06.239 [main] DEBUG chrome org.apache.poi.openxml4j.opc.PackageRelationshipCollection - Parsing relationship: /xl/_rels/workbook.xml.rels
2025-07-13 11:32:06.240 [main] DEBUG chrome org.apache.poi.openxml4j.opc.PackageRelationshipCollection - Parsing relationship: /xl/worksheets/_rels/sheet1.xml.rels
2025-07-13 11:32:06.240 [main] DEBUG chrome org.apache.poi.openxml4j.opc.PackageRelationshipCollection - Parsing relationship: /_rels/.rels
2025-07-13 11:32:06.254 [main] DEBUG chrome org.apache.poi.openxml4j.opc.PackageRelationshipCollection - Parsing relationship: /xl/_rels/workbook.xml.rels
2025-07-13 11:32:06.255 [main] DEBUG chrome org.apache.poi.openxml4j.opc.PackageRelationshipCollection - Parsing relationship: /xl/worksheets/_rels/sheet1.xml.rels
2025-07-13 11:32:06.256 [main] DEBUG chrome org.apache.poi.openxml4j.opc.PackageRelationshipCollection - Parsing relationship: /_rels/.rels
2025-07-13 11:32:06.269 [main] DEBUG chrome org.apache.poi.openxml4j.opc.PackageRelationshipCollection - Parsing relationship: /xl/_rels/workbook.xml.rels
2025-07-13 11:32:06.270 [main] DEBUG chrome org.apache.poi.openxml4j.opc.PackageRelationshipCollection - Parsing relationship: /xl/worksheets/_rels/sheet1.xml.rels
2025-07-13 11:32:06.271 [main] DEBUG chrome org.apache.poi.openxml4j.opc.PackageRelationshipCollection - Parsing relationship: /_rels/.rels
2025-07-13 11:32:06.282 [main] DEBUG chrome org.apache.poi.openxml4j.opc.PackageRelationshipCollection - Parsing relationship: /xl/_rels/workbook.xml.rels
2025-07-13 11:32:06.282 [main] DEBUG chrome org.apache.poi.openxml4j.opc.PackageRelationshipCollection - Parsing relationship: /xl/worksheets/_rels/sheet1.xml.rels
2025-07-13 11:32:06.282 [main] DEBUG chrome org.apache.poi.openxml4j.opc.PackageRelationshipCollection - Parsing relationship: /_rels/.rels
2025-07-13 11:32:06.297 [main] INFO  chrome testCases.LoginDataDrivenTest - valid login test started
2025-07-13 11:32:06.354 [main] DEBUG chrome testCases.LoginDataDrivenTest - Clicked on My Account link
2025-07-13 11:32:06.750 [main] DEBUG chrome testCases.LoginDataDrivenTest - Clicked on Login link
2025-07-13 11:32:06.833 [main] DEBUG chrome testCases.LoginDataDrivenTest - Entered email
2025-07-13 11:32:06.886 [main] DEBUG chrome testCases.LoginDataDrivenTest - Entered password
2025-07-13 11:32:06.940 [main] DEBUG chrome testCases.LoginDataDrivenTest - Clicked on login button
2025-07-13 11:32:07.662 [main] DEBUG chrome testCases.LoginDataDrivenTest - My Account text is present
2025-07-13 11:32:07.662 [main] INFO  chrome testCases.LoginDataDrivenTest - Login successful with valid credential
2025-07-13 11:32:08.127 [main] DEBUG chrome testCases.LoginDataDrivenTest - Clicked on Logout link on Account page
2025-07-13 11:32:08.434 [main] DEBUG chrome testCases.LoginDataDrivenTest - Clicked on Logout link on Account page
2025-07-13 11:32:08.435 [main] INFO  chrome testCases.LoginDataDrivenTest - valid login test completed
2025-07-13 11:32:08.437 [main] INFO  chrome testCases.LoginDataDrivenTest - invalid login test started
2025-07-13 11:32:08.489 [main] DEBUG chrome testCases.LoginDataDrivenTest - Clicked on My Account link
2025-07-13 11:32:08.818 [main] DEBUG chrome testCases.LoginDataDrivenTest - Clicked on Login link
2025-07-13 11:32:08.881 [main] DEBUG chrome testCases.LoginDataDrivenTest - Entered email
2025-07-13 11:32:08.924 [main] DEBUG chrome testCases.LoginDataDrivenTest - Entered password
2025-07-13 11:32:08.972 [main] DEBUG chrome testCases.LoginDataDrivenTest - Clicked on login button
2025-07-13 11:32:18.998 [main] DEBUG chrome testCases.LoginDataDrivenTest - Exception while fetching My Account text
2025-07-13 11:32:18.998 [main] INFO  chrome testCases.LoginDataDrivenTest - Unable to login with invalid credential
2025-07-13 11:32:18.998 [main] INFO  chrome testCases.LoginDataDrivenTest - invalid login test completed
2025-07-13 11:32:19.015 [main] INFO  chrome testCases.LoginDataDrivenTest - valid login test started
2025-07-13 11:32:19.107 [main] DEBUG chrome testCases.LoginDataDrivenTest - Clicked on My Account link
2025-07-13 11:32:19.566 [main] DEBUG chrome testCases.LoginDataDrivenTest - Clicked on Login link
2025-07-13 11:32:19.638 [main] DEBUG chrome testCases.LoginDataDrivenTest - Entered email
2025-07-13 11:32:19.682 [main] DEBUG chrome testCases.LoginDataDrivenTest - Entered password
2025-07-13 11:32:20.497 [main] DEBUG chrome testCases.LoginDataDrivenTest - Clicked on login button
2025-07-13 11:32:20.514 [main] DEBUG chrome testCases.LoginDataDrivenTest - My Account text is present
2025-07-13 11:32:20.514 [main] INFO  chrome testCases.LoginDataDrivenTest - Login successful with valid credential
2025-07-13 11:32:21.010 [main] DEBUG chrome testCases.LoginDataDrivenTest - Clicked on Logout link on Account page
2025-07-13 11:32:21.466 [main] DEBUG chrome testCases.LoginDataDrivenTest - Clicked on Logout link on Account page
2025-07-13 11:32:21.466 [main] INFO  chrome testCases.LoginDataDrivenTest - valid login test completed
2025-07-13 11:32:21.471 [main] INFO  chrome testCases.LoginDataDrivenTest - invalid login test started
2025-07-13 11:32:21.541 [main] DEBUG chrome testCases.LoginDataDrivenTest - Clicked on My Account link
2025-07-13 11:32:21.874 [main] DEBUG chrome testCases.LoginDataDrivenTest - Clicked on Login link
2025-07-13 11:32:21.923 [main] DEBUG chrome testCases.LoginDataDrivenTest - Entered email
2025-07-13 11:32:21.974 [main] DEBUG chrome testCases.LoginDataDrivenTest - Entered password
2025-07-13 11:32:22.023 [main] DEBUG chrome testCases.LoginDataDrivenTest - Clicked on login button
2025-07-13 11:32:32.094 [main] DEBUG chrome testCases.LoginDataDrivenTest - Exception while fetching My Account text
2025-07-13 11:32:32.094 [main] INFO  chrome testCases.LoginDataDrivenTest - Unable to login with invalid credential
2025-07-13 11:32:32.094 [main] INFO  chrome testCases.LoginDataDrivenTest - invalid login test completed
2025-07-13 11:32:32.102 [main] INFO  chrome testCases.LoginDataDrivenTest - invalid login test started
2025-07-13 11:32:32.191 [main] DEBUG chrome testCases.LoginDataDrivenTest - Clicked on My Account link
2025-07-13 11:32:32.608 [main] DEBUG chrome testCases.LoginDataDrivenTest - Clicked on Login link
2025-07-13 11:32:32.676 [main] DEBUG chrome testCases.LoginDataDrivenTest - Entered email
2025-07-13 11:32:32.720 [main] DEBUG chrome testCases.LoginDataDrivenTest - Entered password
2025-07-13 11:32:32.787 [main] DEBUG chrome testCases.LoginDataDrivenTest - Clicked on login button
2025-07-13 11:32:43.428 [main] DEBUG chrome testCases.LoginDataDrivenTest - Exception while fetching My Account text
2025-07-13 11:32:43.429 [main] INFO  chrome testCases.LoginDataDrivenTest - Unable to login with invalid credential
2025-07-13 11:32:43.429 [main] INFO  chrome testCases.LoginDataDrivenTest - invalid login test completed
